<?xml version="1.0" encoding="UTF-8"?>
<!-- Generated by org.testng.reporters.JUnitReportReporter -->
<testsuite hostname="LAPTOP-0GFGS3J5" failures="0" tests="2" name="testngAssignments.DataProvide6dSample" time="6.585" errors="0" timestamp="2024-05-04T02:21:52 IST" skipped="0">
  <testcase classname="testngAssignments.DataProvide6dSample" name="verfiy_member_data_submission" time="2.962"/>
  <system-out/>
  <testcase classname="testngAssignments.DataProvide6dSample" name="verfiy_member_data_submission" time="3.623"/>
  <system-out/>
</testsuite> <!-- testngAssignments.DataProvide6dSample -->
