<?xml version="1.0" encoding="UTF-8"?>
<!-- Generated by org.testng.reporters.JUnitReportReporter -->
<testsuite hostname="LAPTOP-0GFGS3J5" failures="0" tests="2" name="testngbasics.TestngBasicAnnotations" time="0.009" errors="0" timestamp="2024-04-29T21:52:52 IST" skipped="0">
  <testcase classname="testngbasics.TestngBasicAnnotations" name="test1Execution" time="0.007"/>
  <system-out/>
  <testcase classname="testngbasics.TestngBasicAnnotations" name="test2Execution" time="0.002"/>
  <system-out/>
</testsuite> <!-- testngbasics.TestngBasicAnnotations -->
