<?xml version="1.0" encoding="UTF-8"?>
<!-- Generated by org.testng.reporters.JUnitReportReporter -->
<testsuite hostname="LAPTOP-0GFGS3J5" failures="0" tests="4" name="testngAssignments.DataProviderSample1" time="11.221" errors="0" timestamp="2024-05-04T02:05:20 IST" skipped="0">
  <testcase classname="testngAssignments.DataProviderSample1" name="verfiy_member_presence" time="2.534"/>
  <system-out/>
  <testcase classname="testngAssignments.DataProviderSample1" name="verfiy_member_presence" time="2.514"/>
  <system-out/>
  <testcase classname="testngAssignments.DataProviderSample1" name="verfiy_member_presence" time="3.611"/>
  <system-out/>
  <testcase classname="testngAssignments.DataProviderSample1" name="verfiy_member_presence" time="2.562"/>
  <system-out/>
</testsuite> <!-- testngAssignments.DataProviderSample1 -->
