<?xml version="1.0" encoding="UTF-8"?>
<!-- Generated by org.testng.reporters.JUnitReportReporter -->
<testsuite hostname="LAPTOP-0GFGS3J5" failures="0" tests="3" name="testngbasics.CheckBoxTestcase" time="6.164" errors="0" timestamp="2024-05-05T12:48:50 IST" skipped="1">
  <testcase classname="testngbasics.CheckBoxTestcase" name="verify_single_checkBox_header_text" time="3.261"/>
  <system-out/>
  <testcase classname="testngbasics.CheckBoxTestcase" name="verify_single_checkBox_header_text" time="2.903"/>
  <system-out/>
  <testcase classname="testngbasics.CheckBoxTestcase" name="verify_single_check_box_displayed">
    <skipped/>
  </testcase> <!-- verify_single_check_box_displayed -->
  <system-out/>
</testsuite> <!-- testngbasics.CheckBoxTestcase -->
