<?xml version="1.0" encoding="UTF-8"?>
<!-- Generated by org.testng.reporters.JUnitReportReporter -->
<testsuite hostname="LAPTOP-0GFGS3J5" failures="0" tests="1" name="testngbasics.softAssertExample" time="2.894" errors="0" timestamp="2024-05-04T07:58:50 IST" skipped="0">
  <testcase classname="testngbasics.softAssertExample" name="verify_LikeUsOnFacebook_text_title" time="2.894"/>
  <system-out/>
</testsuite> <!-- testngbasics.softAssertExample -->
