<?xml version="1.0" encoding="UTF-8"?>
<!-- Generated by org.testng.reporters.JUnitReportReporter -->
<testsuite hostname="LAPTOP-0GFGS3J5" failures="0" tests="1" name="testngAssignments.SoftAssertWithTableExample" time="3.937" errors="0" timestamp="2024-05-03T15:05:52 IST" skipped="0">
  <testcase classname="testngAssignments.SoftAssertWithTableExample" name="verfiy_table_header_and_member_presence" time="3.937"/>
  <system-out/>
</testsuite> <!-- testngAssignments.SoftAssertWithTableExample -->
