<?xml version="1.0" encoding="UTF-8"?>
<!-- Generated by org.testng.reporters.JUnitReportReporter -->
<testsuite hostname="LAPTOP-0GFGS3J5" failures="0" tests="1" name="testngAssignments.SoftAssertExample" time="3.809" errors="0" timestamp="2024-05-03T13:43:06 IST" skipped="0">
  <testcase classname="testngAssignments.SoftAssertExample" name="verify_bootstrap_header" time="3.809"/>
  <system-out/>
</testsuite> <!-- testngAssignments.SoftAssertExample -->
