<?xml version="1.0" encoding="UTF-8"?>
<!-- Generated by org.testng.reporters.JUnitReportReporter -->
<testsuite hostname="LAPTOP-0GFGS3J5" failures="0" tests="1" name="testngbasics.BasicTestCase" time="3.865" errors="0" timestamp="2024-05-04T08:29:43 IST" skipped="0">
  <testcase classname="testngbasics.BasicTestCase" name="verify_title" time="3.865"/>
  <system-out/>
</testsuite> <!-- testngbasics.BasicTestCase -->
